-------------------------------------------------------------------------------
Test set: com.example.LibraryTest
-------------------------------------------------------------------------------
Tests run: 2, Failures: 1, Errors: 0, Skipped: 0, Time elapsed: 0.001 s <<< FAILURE! - in com.example.LibraryTest
books_in_library_test  Time elapsed: 0 s  <<< FAILURE!
org.opentest4j.AssertionFailedError: expected: <3> but was: <4>
	at com.example.LibraryTest.books_in_library_test(LibraryTest.java:29)

